<?xml version="1.0" encoding="UTF-8"?>
<testsuite name="RoverSystemTest" tests="1" skipped="0" failures="0" errors="0" timestamp="2022-09-06T10:02:07" hostname="Menghans-MacBook-Pro.local" time="0.017">
  <properties/>
  <testcase name="should_return_the_marCar_when_second_line_inputted()" classname="RoverSystemTest" time="0.017"/>
  <system-out><![CDATA[5 5 
1 2 N
]]></system-out>
  <system-err><![CDATA[]]></system-err>
</testsuite>
